This file contains any messages produced by compilers while
running configure, to aid debugging if configure makes a mistake.

It was created by GIMP configure 2.8.22, which was
generated by GNU Autoconf 2.69.  Invocation command line was

  $ ./configure 

## --------- ##
## Platform. ##
## --------- ##

hostname = floboui-Latitude-E5430-non-vPro
uname -m = x86_64
uname -r = 3.19.0-84-generic
uname -s = Linux
uname -v = #92-Ubuntu SMP Fri Mar 24 15:46:19 UTC 2017

/usr/bin/uname -p = unknown
/bin/uname -X     = unknown

/bin/arch              = unknown
/usr/bin/arch -k       = unknown
/usr/convex/getsysinfo = unknown
/usr/bin/hostinfo      = unknown
/bin/machine           = unknown
/usr/bin/oslevel       = unknown
/bin/universe          = unknown

PATH: /usr/local/sbin
PATH: /usr/local/bin
PATH: /usr/sbin
PATH: /usr/bin
PATH: /sbin
PATH: /bin
PATH: /usr/games
PATH: /usr/local/games


## ----------- ##
## Core tests. ##
## ----------- ##

configure:2935: checking for a BSD-compatible install
configure:3003: result: /usr/bin/install -c
configure:3014: checking whether build environment is sane
configure:3069: result: yes
configure:3220: checking for a thread-safe mkdir -p
configure:3259: result: /bin/mkdir -p
configure:3266: checking for gawk
configure:3296: result: no
configure:3266: checking for mawk
configure:3282: found /usr/bin/mawk
configure:3293: result: mawk
configure:3304: checking whether make sets $(MAKE)
configure:3326: result: yes
configure:3355: checking whether make supports nested variables
configure:3372: result: yes
configure:3504: checking whether make supports nested variables
configure:3521: result: yes
configure:3677: checking for gcc
configure:3693: found /usr/bin/gcc
configure:3704: result: gcc
configure:3933: checking for C compiler version
configure:3942: gcc --version >&5
gcc (Ubuntu 4.9.2-10ubuntu13) 4.9.2
Copyright (C) 2014 Free Software Foundation, Inc.
This is free software; see the source for copying conditions.  There is NO
warranty; not even for MERCHANTABILITY or FITNESS FOR A PARTICULAR PURPOSE.

configure:3953: $? = 0
configure:3942: gcc -v >&5
Using built-in specs.
COLLECT_GCC=gcc
COLLECT_LTO_WRAPPER=/usr/lib/gcc/x86_64-linux-gnu/4.9/lto-wrapper
Target: x86_64-linux-gnu
Configured with: ../src/configure -v --with-pkgversion='Ubuntu 4.9.2-10ubuntu13' --with-bugurl=file:///usr/share/doc/gcc-4.9/README.Bugs --enable-languages=c,c++,java,go,d,fortran,objc,obj-c++ --prefix=/usr --program-suffix=-4.9 --enable-shared --enable-linker-build-id --libexecdir=/usr/lib --without-included-gettext --enable-threads=posix --with-gxx-include-dir=/usr/include/c++/4.9 --libdir=/usr/lib --enable-nls --with-sysroot=/ --enable-clocale=gnu --enable-libstdcxx-debug --enable-libstdcxx-time=yes --enable-gnu-unique-object --disable-vtable-verify --enable-plugin --with-system-zlib --disable-browser-plugin --enable-java-awt=gtk --enable-gtk-cairo --with-java-home=/usr/lib/jvm/java-1.5.0-gcj-4.9-amd64/jre --enable-java-home --with-jvm-root-dir=/usr/lib/jvm/java-1.5.0-gcj-4.9-amd64 --with-jvm-jar-dir=/usr/lib/jvm-exports/java-1.5.0-gcj-4.9-amd64 --with-arch-directory=amd64 --with-ecj-jar=/usr/share/java/eclipse-ecj.jar --enable-objc-gc --enable-multiarch --disable-werror --with-arch-32=i686 --with-abi=m64 --with-multilib-list=m32,m64,mx32 --enable-multilib --with-tune=generic --enable-checking=release --build=x86_64-linux-gnu --host=x86_64-linux-gnu --target=x86_64-linux-gnu
Thread model: posix
gcc version 4.9.2 (Ubuntu 4.9.2-10ubuntu13) 
configure:3953: $? = 0
configure:3942: gcc -V >&5
gcc: error: unrecognized command line option '-V'
gcc: fatal error: no input files
compilation terminated.
configure:3953: $? = 4
configure:3942: gcc -qversion >&5
gcc: error: unrecognized command line option '-qversion'
gcc: fatal error: no input files
compilation terminated.
configure:3953: $? = 4
configure:3973: checking whether the C compiler works
configure:3995: gcc    conftest.c  >&5
configure:3999: $? = 0
configure:4047: result: yes
configure:4050: checking for C compiler default output file name
configure:4052: result: a.out
configure:4058: checking for suffix of executables
configure:4065: gcc -o conftest    conftest.c  >&5
configure:4069: $? = 0
configure:4091: result: 
configure:4113: checking whether we are cross compiling
configure:4121: gcc -o conftest    conftest.c  >&5
configure:4125: $? = 0
configure:4132: ./conftest
configure:4136: $? = 0
configure:4151: result: no
configure:4156: checking for suffix of object files
configure:4178: gcc -c   conftest.c >&5
configure:4182: $? = 0
configure:4203: result: o
configure:4207: checking whether we are using the GNU C compiler
configure:4226: gcc -c   conftest.c >&5
configure:4226: $? = 0
configure:4235: result: yes
configure:4244: checking whether gcc accepts -g
configure:4264: gcc -c -g  conftest.c >&5
configure:4264: $? = 0
configure:4305: result: yes
configure:4322: checking for gcc option to accept ISO C89
configure:4385: gcc  -c -g -O2  conftest.c >&5
configure:4385: $? = 0
configure:4398: result: none needed
configure:4423: checking whether gcc understands -c and -o together
configure:4445: gcc -c conftest.c -o conftest2.o
configure:4448: $? = 0
configure:4445: gcc -c conftest.c -o conftest2.o
configure:4448: $? = 0
configure:4460: result: yes
configure:4488: checking for style of include used by make
configure:4516: result: GNU
configure:4542: checking dependency style of gcc
configure:4653: result: gcc3
configure:4674: WARNING: Libtool does not cope well with whitespace in `pwd`
configure:4701: checking build system type
configure:4715: result: x86_64-pc-linux-gnu
configure:4735: checking host system type
configure:4748: result: x86_64-pc-linux-gnu
configure:4789: checking how to print strings
configure:4816: result: printf
configure:4837: checking for a sed that does not truncate output
configure:4901: result: /bin/sed
configure:4919: checking for grep that handles long lines and -e
configure:4977: result: /bin/grep
configure:4982: checking for egrep
configure:5044: result: /bin/grep -E
configure:5049: checking for fgrep
configure:5111: result: /bin/grep -F
configure:5146: checking for ld used by gcc
configure:5213: result: /usr/bin/ld
configure:5220: checking if the linker (/usr/bin/ld) is GNU ld
configure:5235: result: yes
configure:5247: checking for BSD- or MS-compatible name lister (nm)
configure:5301: result: /usr/bin/nm -B
configure:5431: checking the name lister (/usr/bin/nm -B) interface
configure:5438: gcc -c -g -O2  conftest.c >&5
configure:5441: /usr/bin/nm -B "conftest.o"
configure:5444: output
0000000000000000 B some_variable
configure:5451: result: BSD nm
configure:5454: checking whether ln -s works
configure:5458: result: yes
configure:5466: checking the maximum length of command line arguments
configure:5597: result: 1572864
configure:5645: checking how to convert x86_64-pc-linux-gnu file names to x86_64-pc-linux-gnu format
configure:5685: result: func_convert_file_noop
configure:5692: checking how to convert x86_64-pc-linux-gnu file names to toolchain format
configure:5712: result: func_convert_file_noop
configure:5719: checking for /usr/bin/ld option to reload object files
configure:5726: result: -r
configure:5800: checking for objdump
configure:5816: found /usr/bin/objdump
configure:5827: result: objdump
configure:5856: checking how to recognize dependent libraries
configure:6056: result: pass_all
configure:6141: checking for dlltool
configure:6171: result: no
configure:6198: checking how to associate runtime and link libraries
configure:6225: result: printf %s\n
configure:6286: checking for ar
configure:6302: found /usr/bin/ar
configure:6313: result: ar
configure:6350: checking for archiver @FILE support
configure:6367: gcc -c -g -O2  conftest.c >&5
configure:6367: $? = 0
configure:6370: ar cru libconftest.a @conftest.lst >&5
configure:6373: $? = 0
configure:6378: ar cru libconftest.a @conftest.lst >&5
ar: conftest.o: No such file or directory
configure:6381: $? = 1
configure:6393: result: @
configure:6451: checking for strip
configure:6467: found /usr/bin/strip
configure:6478: result: strip
configure:6550: checking for ranlib
configure:6566: found /usr/bin/ranlib
configure:6577: result: ranlib
configure:6679: checking command to parse /usr/bin/nm -B output from gcc object
configure:6832: gcc -c -g -O2  conftest.c >&5
configure:6835: $? = 0
configure:6839: /usr/bin/nm -B conftest.o \| sed -n -e 's/^.*[ ]\([ABCDGIRSTW][ABCDGIRSTW]*\)[ ][ ]*\([_A-Za-z][_A-Za-z0-9]*\)$/\1 \2 \2/p' | sed '/ __gnu_lto/d' \> conftest.nm
configure:6842: $? = 0
configure:6908: gcc -o conftest -g -O2   conftest.c conftstm.o >&5
configure:6911: $? = 0
configure:6949: result: ok
configure:6996: checking for sysroot
configure:7026: result: no
configure:7033: checking for a working dd
configure:7071: result: /bin/dd
configure:7075: checking how to truncate binary pipes
configure:7090: result: /bin/dd bs=4096 count=1
configure:7226: gcc -c -g -O2  conftest.c >&5
configure:7229: $? = 0
configure:7419: checking for mt
configure:7435: found /bin/mt
configure:7446: result: mt
configure:7469: checking if mt is a manifest tool
configure:7475: mt '-?'
configure:7483: result: no
configure:8160: checking how to run the C preprocessor
configure:8191: gcc -E  conftest.c
configure:8191: $? = 0
configure:8205: gcc -E  conftest.c
conftest.c:10:28: fatal error: ac_nonexistent.h: No such file or directory
 #include <ac_nonexistent.h>
                            ^
compilation terminated.
configure:8205: $? = 1
configure: failed program was:
| /* confdefs.h */
| #define PACKAGE_NAME "GIMP"
| #define PACKAGE_TARNAME "gimp"
| #define PACKAGE_VERSION "2.8.22"
| #define PACKAGE_STRING "GIMP 2.8.22"
| #define PACKAGE_BUGREPORT "http://bugzilla.gnome.org/enter_bug.cgi?product=GIMP"
| #define PACKAGE_URL ""
| #define GETTEXT_PACKAGE "gimp20"
| /* end confdefs.h.  */
| #include <ac_nonexistent.h>
configure:8230: result: gcc -E
configure:8250: gcc -E  conftest.c
configure:8250: $? = 0
configure:8264: gcc -E  conftest.c
conftest.c:10:28: fatal error: ac_nonexistent.h: No such file or directory
 #include <ac_nonexistent.h>
                            ^
compilation terminated.
configure:8264: $? = 1
configure: failed program was:
| /* confdefs.h */
| #define PACKAGE_NAME "GIMP"
| #define PACKAGE_TARNAME "gimp"
| #define PACKAGE_VERSION "2.8.22"
| #define PACKAGE_STRING "GIMP 2.8.22"
| #define PACKAGE_BUGREPORT "http://bugzilla.gnome.org/enter_bug.cgi?product=GIMP"
| #define PACKAGE_URL ""
| #define GETTEXT_PACKAGE "gimp20"
| /* end confdefs.h.  */
| #include <ac_nonexistent.h>
configure:8293: checking for ANSI C header files
configure:8313: gcc -c -g -O2  conftest.c >&5
configure:8313: $? = 0
configure:8386: gcc -o conftest -g -O2   conftest.c  >&5
configure:8386: $? = 0
configure:8386: ./conftest
configure:8386: $? = 0
configure:8397: result: yes
configure:8410: checking for sys/types.h
configure:8410: gcc -c -g -O2  conftest.c >&5
configure:8410: $? = 0
configure:8410: result: yes
configure:8410: checking for sys/stat.h
configure:8410: gcc -c -g -O2  conftest.c >&5
configure:8410: $? = 0
configure:8410: result: yes
configure:8410: checking for stdlib.h
configure:8410: gcc -c -g -O2  conftest.c >&5
configure:8410: $? = 0
configure:8410: result: yes
configure:8410: checking for string.h
configure:8410: gcc -c -g -O2  conftest.c >&5
configure:8410: $? = 0
configure:8410: result: yes
configure:8410: checking for memory.h
configure:8410: gcc -c -g -O2  conftest.c >&5
configure:8410: $? = 0
configure:8410: result: yes
configure:8410: checking for strings.h
configure:8410: gcc -c -g -O2  conftest.c >&5
configure:8410: $? = 0
configure:8410: result: yes
configure:8410: checking for inttypes.h
configure:8410: gcc -c -g -O2  conftest.c >&5
configure:8410: $? = 0
configure:8410: result: yes
configure:8410: checking for stdint.h
configure:8410: gcc -c -g -O2  conftest.c >&5
configure:8410: $? = 0
configure:8410: result: yes
configure:8410: checking for unistd.h
configure:8410: gcc -c -g -O2  conftest.c >&5
configure:8410: $? = 0
configure:8410: result: yes
configure:8424: checking for dlfcn.h
configure:8424: gcc -c -g -O2  conftest.c >&5
configure:8424: $? = 0
configure:8424: result: yes
configure:8977: checking for objdir
configure:8992: result: .libs
configure:9256: checking if gcc supports -fno-rtti -fno-exceptions
configure:9274: gcc -c -g -O2  -fno-rtti -fno-exceptions conftest.c >&5
cc1: warning: command line option '-fno-rtti' is valid for C++/ObjC++ but not for C
configure:9278: $? = 0
configure:9291: result: no
configure:9649: checking for gcc option to produce PIC
configure:9656: result: -fPIC -DPIC
configure:9664: checking if gcc PIC flag -fPIC -DPIC works
configure:9682: gcc -c -g -O2  -fPIC -DPIC -DPIC conftest.c >&5
configure:9686: $? = 0
configure:9699: result: yes
configure:9728: checking if gcc static flag -static works
configure:9756: result: yes
configure:9771: checking if gcc supports -c -o file.o
configure:9792: gcc -c -g -O2  -o out/conftest2.o conftest.c >&5
configure:9796: $? = 0
configure:9818: result: yes
configure:9826: checking if gcc supports -c -o file.o
configure:9873: result: yes
configure:9906: checking whether the gcc linker (/usr/bin/ld -m elf_x86_64) supports shared libraries
configure:11169: result: yes
configure:11206: checking whether -lc should be explicitly linked in
configure:11214: gcc -c -g -O2  conftest.c >&5
configure:11217: $? = 0
configure:11232: gcc -shared  -fPIC -DPIC conftest.o  -v -Wl,-soname -Wl,conftest -o conftest 2\>\&1 \| /bin/grep  -lc  \>/dev/null 2\>\&1
configure:11235: $? = 0
configure:11249: result: no
configure:11409: checking dynamic linker characteristics
configure:11990: gcc -o conftest -g -O2   -Wl,-rpath -Wl,/foo conftest.c  >&5
configure:11990: $? = 0
configure:12239: result: GNU/Linux ld.so
configure:12361: checking how to hardcode library paths into programs
configure:12386: result: immediate
configure:12934: checking whether stripping libraries is possible
configure:12939: result: yes
configure:12974: checking if libtool supports shared libraries
configure:12976: result: yes
configure:12979: checking whether to build shared libraries
configure:13004: result: yes
configure:13007: checking whether to build static libraries
configure:13011: result: no
configure:13058: checking dependency style of gcc
configure:13167: result: gcc3
configure:13185: checking whether to enable maintainer-specific portions of Makefiles
configure:13194: result: yes
configure:13263: checking for pkg-config
configure:13281: found /usr/bin/pkg-config
configure:13293: result: /usr/bin/pkg-config
configure:13318: checking pkg-config is at least version 0.16
configure:13321: result: yes
configure:13335: checking for target architecture
configure:13343: result: x86_64-pc-linux-gnu
configure:13386: checking for some Win32 platform
configure:13396: result: no
configure:13407: checking for native Win32
configure:13426: result: no
configure:13608: checking whether make sets $(MAKE)
configure:13630: result: yes
configure:13648: checking for special C compiler options needed for large files
configure:13693: result: no
configure:13699: checking for _FILE_OFFSET_BITS value needed for large files
configure:13724: gcc -c -g -O2  conftest.c >&5
configure:13724: $? = 0
configure:13756: result: no
configure:13842: checking whether to turn on debugging
configure:13857: result: no
configure:13861: checking whether to turn on profiling
configure:13876: result: no
configure:13915: checking whether gcc understands -Wdeclaration-after-statement
configure:13928: gcc -c -g -O2 -Wall -Wdeclaration-after-statement  conftest.c >&5
configure:13928: $? = 0
configure:13934: result: yes
configure:13951: checking whether gcc understands -Wmissing-prototypes
configure:13964: gcc -c -g -O2 -Wall -Wdeclaration-after-statement -Wmissing-prototypes  conftest.c >&5
configure:13964: $? = 0
configure:13970: result: yes
configure:13990: checking whether gcc understands -Werror=missing-prototypes
configure:14003: gcc -c -g -O2 -Wall -Wdeclaration-after-statement -Wmissing-prototypes -Werror=missing-prototypes  conftest.c >&5
configure:14003: $? = 0
configure:14009: result: yes
configure:14026: checking whether gcc understands -Wstrict-prototypes
configure:14039: gcc -c -g -O2 -Wall -Wdeclaration-after-statement -Wmissing-prototypes -Werror=missing-prototypes -Wstrict-prototypes  conftest.c >&5
conftest.c:26:1: warning: function declaration isn't a prototype [-Wstrict-prototypes]
 main ()
 ^
configure:14039: $? = 0
configure:14045: result: yes
configure:14062: checking whether gcc understands -Wmissing-declarations
configure:14075: gcc -c -g -O2 -Wall -Wdeclaration-after-statement -Wmissing-prototypes -Werror=missing-prototypes -Wstrict-prototypes -Wmissing-declarations  conftest.c >&5
conftest.c:26:1: warning: function declaration isn't a prototype [-Wstrict-prototypes]
 main ()
 ^
configure:14075: $? = 0
configure:14081: result: yes
configure:14098: checking whether gcc understands -Winit-self
configure:14111: gcc -c -g -O2 -Wall -Wdeclaration-after-statement -Wmissing-prototypes -Werror=missing-prototypes -Wstrict-prototypes -Wmissing-declarations -Winit-self  conftest.c >&5
conftest.c:26:1: warning: function declaration isn't a prototype [-Wstrict-prototypes]
 main ()
 ^
configure:14111: $? = 0
configure:14117: result: yes
configure:14134: checking whether gcc understands -Wpointer-arith
configure:14147: gcc -c -g -O2 -Wall -Wdeclaration-after-statement -Wmissing-prototypes -Werror=missing-prototypes -Wstrict-prototypes -Wmissing-declarations -Winit-self -Wpointer-arith  conftest.c >&5
conftest.c:26:1: warning: function declaration isn't a prototype [-Wstrict-prototypes]
 main ()
 ^
configure:14147: $? = 0
configure:14153: result: yes
configure:14170: checking whether gcc understands -Wold-style-definition
configure:14183: gcc -c -g -O2 -Wall -Wdeclaration-after-statement -Wmissing-prototypes -Werror=missing-prototypes -Wstrict-prototypes -Wmissing-declarations -Winit-self -Wpointer-arith -Wold-style-definition  conftest.c >&5
conftest.c:26:1: warning: function declaration isn't a prototype [-Wstrict-prototypes]
 main ()
 ^
conftest.c: In function 'main':
conftest.c:26:1: warning: old-style function definition [-Wold-style-definition]
configure:14183: $? = 0
configure:14189: result: yes
configure:14206: checking whether gcc understands -Wmissing-format-attribute
configure:14219: gcc -c -g -O2 -Wall -Wdeclaration-after-statement -Wmissing-prototypes -Werror=missing-prototypes -Wstrict-prototypes -Wmissing-declarations -Winit-self -Wpointer-arith -Wold-style-definition -Wmissing-format-attribute  conftest.c >&5
conftest.c:26:1: warning: function declaration isn't a prototype [-Wstrict-prototypes]
 main ()
 ^
conftest.c: In function 'main':
conftest.c:26:1: warning: old-style function definition [-Wold-style-definition]
configure:14219: $? = 0
configure:14225: result: yes
configure:14242: checking whether gcc understands -Wformat-security
configure:14255: gcc -c -g -O2 -Wall -Wdeclaration-after-statement -Wmissing-prototypes -Werror=missing-prototypes -Wstrict-prototypes -Wmissing-declarations -Winit-self -Wpointer-arith -Wold-style-definition -Wmissing-format-attribute -Wformat-security  conftest.c >&5
conftest.c:26:1: warning: function declaration isn't a prototype [-Wstrict-prototypes]
 main ()
 ^
conftest.c: In function 'main':
conftest.c:26:1: warning: old-style function definition [-Wold-style-definition]
configure:14255: $? = 0
configure:14261: result: yes
configure:14278: checking whether gcc understands -fno-common
configure:14291: gcc -c -g -O2 -Wall -Wdeclaration-after-statement -Wmissing-prototypes -Werror=missing-prototypes -Wstrict-prototypes -Wmissing-declarations -Winit-self -Wpointer-arith -Wold-style-definition -Wmissing-format-attribute -Wformat-security -fno-common  conftest.c >&5
conftest.c:26:1: warning: function declaration isn't a prototype [-Wstrict-prototypes]
 main ()
 ^
conftest.c: In function 'main':
conftest.c:26:1: warning: old-style function definition [-Wold-style-definition]
configure:14291: $? = 0
configure:14297: result: yes
configure:14314: checking whether gcc understands -fdiagnostics-show-option
configure:14327: gcc -c -g -O2 -Wall -Wdeclaration-after-statement -Wmissing-prototypes -Werror=missing-prototypes -Wstrict-prototypes -Wmissing-declarations -Winit-self -Wpointer-arith -Wold-style-definition -Wmissing-format-attribute -Wformat-security -fno-common -fdiagnostics-show-option  conftest.c >&5
conftest.c:26:1: warning: function declaration isn't a prototype [-Wstrict-prototypes]
 main ()
 ^
conftest.c: In function 'main':
conftest.c:26:1: warning: old-style function definition [-Wold-style-definition]
configure:14327: $? = 0
configure:14333: result: yes
configure:14352: checking whether gcc understands --omg-optimized
configure:14365: gcc -c -g -O2 -Wall -Wdeclaration-after-statement -Wmissing-prototypes -Werror=missing-prototypes -Wstrict-prototypes -Wmissing-declarations -Winit-self -Wpointer-arith -Wold-style-definition -Wmissing-format-attribute -Wformat-security -fno-common -fdiagnostics-show-option --omg-optimized  conftest.c >&5
gcc: error: unrecognized command line option '--omg-optimized'
configure:14365: $? = 1
configure: failed program was:
| /* confdefs.h */
| #define PACKAGE_NAME "GIMP"
| #define PACKAGE_TARNAME "gimp"
| #define PACKAGE_VERSION "2.8.22"
| #define PACKAGE_STRING "GIMP 2.8.22"
| #define PACKAGE_BUGREPORT "http://bugzilla.gnome.org/enter_bug.cgi?product=GIMP"
| #define PACKAGE_URL ""
| #define GETTEXT_PACKAGE "gimp20"
| #define STDC_HEADERS 1
| #define HAVE_SYS_TYPES_H 1
| #define HAVE_SYS_STAT_H 1
| #define HAVE_STDLIB_H 1
| #define HAVE_STRING_H 1
| #define HAVE_MEMORY_H 1
| #define HAVE_STRINGS_H 1
| #define HAVE_INTTYPES_H 1
| #define HAVE_STDINT_H 1
| #define HAVE_UNISTD_H 1
| #define HAVE_DLFCN_H 1
| #define LT_OBJDIR ".libs/"
| #define ARCH_X86 1
| #define ARCH_X86_64 1
| /* end confdefs.h.  */
| 
| int
| main ()
| {
| 
|   ;
|   return 0;
| }
configure:14371: result: no
configure:14388: checking whether gcc understands --disable-instructions
configure:14401: gcc -c -g -O2 -Wall -Wdeclaration-after-statement -Wmissing-prototypes -Werror=missing-prototypes -Wstrict-prototypes -Wmissing-declarations -Winit-self -Wpointer-arith -Wold-style-definition -Wmissing-format-attribute -Wformat-security -fno-common -fdiagnostics-show-option  --disable-instructions  conftest.c >&5
cc1: error: unknown pass instructions specified in -fdisable
configure:14401: $? = 1
configure: failed program was:
| /* confdefs.h */
| #define PACKAGE_NAME "GIMP"
| #define PACKAGE_TARNAME "gimp"
| #define PACKAGE_VERSION "2.8.22"
| #define PACKAGE_STRING "GIMP 2.8.22"
| #define PACKAGE_BUGREPORT "http://bugzilla.gnome.org/enter_bug.cgi?product=GIMP"
| #define PACKAGE_URL ""
| #define GETTEXT_PACKAGE "gimp20"
| #define STDC_HEADERS 1
| #define HAVE_SYS_TYPES_H 1
| #define HAVE_SYS_STAT_H 1
| #define HAVE_STDLIB_H 1
| #define HAVE_STRING_H 1
| #define HAVE_MEMORY_H 1
| #define HAVE_STRINGS_H 1
| #define HAVE_INTTYPES_H 1
| #define HAVE_STDINT_H 1
| #define HAVE_UNISTD_H 1
| #define HAVE_DLFCN_H 1
| #define LT_OBJDIR ".libs/"
| #define ARCH_X86 1
| #define ARCH_X86_64 1
| /* end confdefs.h.  */
| 
| int
| main ()
| {
| 
|   ;
|   return 0;
| }
configure:14407: result: no
configure:14459: checking for ANSI C header files
configure:14563: result: yes
configure:14571: checking for sys/wait.h that is POSIX.1 compatible
configure:14597: gcc -c -g -O2 -Wall -Wdeclaration-after-statement -Wmissing-prototypes -Werror=missing-prototypes -Wstrict-prototypes -Wmissing-declarations -Winit-self -Wpointer-arith -Wold-style-definition -Wmissing-format-attribute -Wformat-security -fno-common -fdiagnostics-show-option    conftest.c >&5
conftest.c:35:1: warning: function declaration isn't a prototype [-Wstrict-prototypes]
 main ()
 ^
conftest.c: In function 'main':
conftest.c:35:1: warning: old-style function definition [-Wold-style-definition]
configure:14597: $? = 0
configure:14604: result: yes
configure:14612: checking whether time.h and sys/time.h may both be included
configure:14632: gcc -c -g -O2 -Wall -Wdeclaration-after-statement -Wmissing-prototypes -Werror=missing-prototypes -Wstrict-prototypes -Wmissing-declarations -Winit-self -Wpointer-arith -Wold-style-definition -Wmissing-format-attribute -Wformat-security -fno-common -fdiagnostics-show-option    conftest.c >&5
conftest.c:31:1: warning: function declaration isn't a prototype [-Wstrict-prototypes]
 main ()
 ^
conftest.c: In function 'main':
conftest.c:31:1: warning: old-style function definition [-Wold-style-definition]
configure:14632: $? = 0
configure:14639: result: yes
configure:14651: checking execinfo.h usability
configure:14651: gcc -c -g -O2 -Wall -Wdeclaration-after-statement -Wmissing-prototypes -Werror=missing-prototypes -Wstrict-prototypes -Wmissing-declarations -Winit-self -Wpointer-arith -Wold-style-definition -Wmissing-format-attribute -Wformat-security -fno-common -fdiagnostics-show-option    conftest.c >&5
configure:14651: $? = 0
configure:14651: result: yes
configure:14651: checking execinfo.h presence
configure:14651: gcc -E  conftest.c
configure:14651: $? = 0
configure:14651: result: yes
configure:14651: checking for execinfo.h
configure:14651: result: yes
configure:14651: checking sys/param.h usability
configure:14651: gcc -c -g -O2 -Wall -Wdeclaration-after-statement -Wmissing-prototypes -Werror=missing-prototypes -Wstrict-prototypes -Wmissing-declarations -Winit-self -Wpointer-arith -Wold-style-definition -Wmissing-format-attribute -Wformat-security -fno-common -fdiagnostics-show-option    conftest.c >&5
configure:14651: $? = 0
configure:14651: result: yes
configure:14651: checking sys/param.h presence
configure:14651: gcc -E  conftest.c
configure:14651: $? = 0
configure:14651: result: yes
configure:14651: checking for sys/param.h
configure:14651: result: yes
configure:14651: checking sys/time.h usability
configure:14651: gcc -c -g -O2 -Wall -Wdeclaration-after-statement -Wmissing-prototypes -Werror=missing-prototypes -Wstrict-prototypes -Wmissing-declarations -Winit-self -Wpointer-arith -Wold-style-definition -Wmissing-format-attribute -Wformat-security -fno-common -fdiagnostics-show-option    conftest.c >&5
configure:14651: $? = 0
configure:14651: result: yes
configure:14651: checking sys/time.h presence
configure:14651: gcc -E  conftest.c
configure:14651: $? = 0
configure:14651: result: yes
configure:14651: checking for sys/time.h
configure:14651: result: yes
configure:14651: checking sys/times.h usability
configure:14651: gcc -c -g -O2 -Wall -Wdeclaration-after-statement -Wmissing-prototypes -Werror=missing-prototypes -Wstrict-prototypes -Wmissing-declarations -Winit-self -Wpointer-arith -Wold-style-definition -Wmissing-format-attribute -Wformat-security -fno-common -fdiagnostics-show-option    conftest.c >&5
configure:14651: $? = 0
configure:14651: result: yes
configure:14651: checking sys/times.h presence
configure:14651: gcc -E  conftest.c
configure:14651: $? = 0
configure:14651: result: yes
configure:14651: checking for sys/times.h
configure:14651: result: yes
configure:14651: checking for sys/wait.h
configure:14651: result: yes
configure:14651: checking for unistd.h
configure:14651: result: yes
configure:14663: checking for backtrace
configure:14663: gcc -o conftest -g -O2 -Wall -Wdeclaration-after-statement -Wmissing-prototypes -Werror=missing-prototypes -Wstrict-prototypes -Wmissing-declarations -Winit-self -Wpointer-arith -Wold-style-definition -Wmissing-format-attribute -Wformat-security -fno-common -fdiagnostics-show-option     conftest.c  >&5
conftest.c:56:1: warning: function declaration isn't a prototype [-Wstrict-prototypes]
 char backtrace ();
 ^
conftest.c:65:1: warning: function declaration isn't a prototype [-Wstrict-prototypes]
 main ()
 ^
conftest.c: In function 'main':
conftest.c:65:1: warning: old-style function definition [-Wold-style-definition]
configure:14663: $? = 0
configure:14663: result: yes
configure:14719: checking for pid_t
configure:14719: gcc -c -g -O2 -Wall -Wdeclaration-after-statement -Wmissing-prototypes -Werror=missing-prototypes -Wstrict-prototypes -Wmissing-declarations -Winit-self -Wpointer-arith -Wold-style-definition -Wmissing-format-attribute -Wformat-security -fno-common -fdiagnostics-show-option    conftest.c >&5
conftest.c:68:1: warning: function declaration isn't a prototype [-Wstrict-prototypes]
 main ()
 ^
conftest.c: In function 'main':
conftest.c:68:1: warning: old-style function definition [-Wold-style-definition]
configure:14719: $? = 0
configure:14719: gcc -c -g -O2 -Wall -Wdeclaration-after-statement -Wmissing-prototypes -Werror=missing-prototypes -Wstrict-prototypes -Wmissing-declarations -Winit-self -Wpointer-arith -Wold-style-definition -Wmissing-format-attribute -Wformat-security -fno-common -fdiagnostics-show-option    conftest.c >&5
conftest.c:68:1: warning: function declaration isn't a prototype [-Wstrict-prototypes]
 main ()
 ^
conftest.c: In function 'main':
conftest.c:68:1: warning: old-style function definition [-Wold-style-definition]
conftest.c:70:20: error: expected expression before ')' token
 if (sizeof ((pid_t)))
                    ^
configure:14719: $? = 1
configure: failed program was:
| /* confdefs.h */
| #define PACKAGE_NAME "GIMP"
| #define PACKAGE_TARNAME "gimp"
| #define PACKAGE_VERSION "2.8.22"
| #define PACKAGE_STRING "GIMP 2.8.22"
| #define PACKAGE_BUGREPORT "http://bugzilla.gnome.org/enter_bug.cgi?product=GIMP"
| #define PACKAGE_URL ""
| #define GETTEXT_PACKAGE "gimp20"
| #define STDC_HEADERS 1
| #define HAVE_SYS_TYPES_H 1
| #define HAVE_SYS_STAT_H 1
| #define HAVE_STDLIB_H 1
| #define HAVE_STRING_H 1
| #define HAVE_MEMORY_H 1
| #define HAVE_STRINGS_H 1
| #define HAVE_INTTYPES_H 1
| #define HAVE_STDINT_H 1
| #define HAVE_UNISTD_H 1
| #define HAVE_DLFCN_H 1
| #define LT_OBJDIR ".libs/"
| #define ARCH_X86 1
| #define ARCH_X86_64 1
| #define STDC_HEADERS 1
| #define HAVE_SYS_WAIT_H 1
| #define TIME_WITH_SYS_TIME 1
| #define HAVE_EXECINFO_H 1
| #define HAVE_SYS_PARAM_H 1
| #define HAVE_SYS_TIME_H 1
| #define HAVE_SYS_TIMES_H 1
| #define HAVE_SYS_WAIT_H 1
| #define HAVE_UNISTD_H 1
| #define HAVE_BACKTRACE 1
| /* end confdefs.h.  */
| #include <stdio.h>
| #ifdef HAVE_SYS_TYPES_H
| # include <sys/types.h>
| #endif
| #ifdef HAVE_SYS_STAT_H
| # include <sys/stat.h>
| #endif
| #ifdef STDC_HEADERS
| # include <stdlib.h>
| # include <stddef.h>
| #else
| # ifdef HAVE_STDLIB_H
| #  include <stdlib.h>
| # endif
| #endif
| #ifdef HAVE_STRING_H
| # if !defined STDC_HEADERS && defined HAVE_MEMORY_H
| #  include <memory.h>
| # endif
| # include <string.h>
| #endif
| #ifdef HAVE_STRINGS_H
| # include <strings.h>
| #endif
| #ifdef HAVE_INTTYPES_H
| # include <inttypes.h>
| #endif
| #ifdef HAVE_STDINT_H
| # include <stdint.h>
| #endif
| #ifdef HAVE_UNISTD_H
| # include <unistd.h>
| #endif
| int
| main ()
| {
| if (sizeof ((pid_t)))
| 	    return 0;
|   ;
|   return 0;
| }
configure:14719: result: yes
configure:14732: checking for vprintf
configure:14732: gcc -o conftest -g -O2 -Wall -Wdeclaration-after-statement -Wmissing-prototypes -Werror=missing-prototypes -Wstrict-prototypes -Wmissing-declarations -Winit-self -Wpointer-arith -Wold-style-definition -Wmissing-format-attribute -Wformat-security -fno-common -fdiagnostics-show-option     conftest.c  >&5
conftest.c:57:1: warning: function declaration isn't a prototype [-Wstrict-prototypes]
 char vprintf ();
 ^
conftest.c:57:6: warning: conflicting types for built-in function 'vprintf'
 char vprintf ();
      ^
conftest.c:66:1: warning: function declaration isn't a prototype [-Wstrict-prototypes]
 main ()
 ^
conftest.c: In function 'main':
conftest.c:66:1: warning: old-style function definition [-Wold-style-definition]
configure:14732: $? = 0
configure:14732: result: yes
configure:14738: checking for _doprnt
configure:14738: gcc -o conftest -g -O2 -Wall -Wdeclaration-after-statement -Wmissing-prototypes -Werror=missing-prototypes -Wstrict-prototypes -Wmissing-declarations -Winit-self -Wpointer-arith -Wold-style-definition -Wmissing-format-attribute -Wformat-security -fno-common -fdiagnostics-show-option     conftest.c  >&5
conftest.c:58:1: warning: function declaration isn't a prototype [-Wstrict-prototypes]
 char _doprnt ();
 ^
conftest.c:67:1: warning: function declaration isn't a prototype [-Wstrict-prototypes]
 main ()
 ^
conftest.c: In function 'main':
conftest.c:67:1: warning: old-style function definition [-Wold-style-definition]
/tmp/ccvDPDwV.o: In function `main':
/home/floboui/Bureau/L3/realisation de programme/projet gimp/gimp-2.8.22/conftest.c:69: undefined reference to `_doprnt'
collect2: error: ld returned 1 exit status
configure:14738: $? = 1
configure: failed program was:
| /* confdefs.h */
| #define PACKAGE_NAME "GIMP"
| #define PACKAGE_TARNAME "gimp"
| #define PACKAGE_VERSION "2.8.22"
| #define PACKAGE_STRING "GIMP 2.8.22"
| #define PACKAGE_BUGREPORT "http://bugzilla.gnome.org/enter_bug.cgi?product=GIMP"
| #define PACKAGE_URL ""
| #define GETTEXT_PACKAGE "gimp20"
| #define STDC_HEADERS 1
| #define HAVE_SYS_TYPES_H 1
| #define HAVE_SYS_STAT_H 1
| #define HAVE_STDLIB_H 1
| #define HAVE_STRING_H 1
| #define HAVE_MEMORY_H 1
| #define HAVE_STRINGS_H 1
| #define HAVE_INTTYPES_H 1
| #define HAVE_STDINT_H 1
| #define HAVE_UNISTD_H 1
| #define HAVE_DLFCN_H 1
| #define LT_OBJDIR ".libs/"
| #define ARCH_X86 1
| #define ARCH_X86_64 1
| #define STDC_HEADERS 1
| #define HAVE_SYS_WAIT_H 1
| #define TIME_WITH_SYS_TIME 1
| #define HAVE_EXECINFO_H 1
| #define HAVE_SYS_PARAM_H 1
| #define HAVE_SYS_TIME_H 1
| #define HAVE_SYS_TIMES_H 1
| #define HAVE_SYS_WAIT_H 1
| #define HAVE_UNISTD_H 1
| #define HAVE_BACKTRACE 1
| #define HAVE_VPRINTF 1
| /* end confdefs.h.  */
| /* Define _doprnt to an innocuous variant, in case <limits.h> declares _doprnt.
|    For example, HP-UX 11i <limits.h> declares gettimeofday.  */
| #define _doprnt innocuous__doprnt
| 
| /* System header to define __stub macros and hopefully few prototypes,
|     which can conflict with char _doprnt (); below.
|     Prefer <limits.h> to <assert.h> if __STDC__ is defined, since
|     <limits.h> exists even on freestanding compilers.  */
| 
| #ifdef __STDC__
| # include <limits.h>
| #else
| # include <assert.h>
| #endif
| 
| #undef _doprnt
| 
| /* Override any GCC internal prototype to avoid an error.
|    Use char because int might match the return type of a GCC
|    builtin and then its argument prototype would still apply.  */
| #ifdef __cplusplus
| extern "C"
| #endif
| char _doprnt ();
| /* The GNU C library defines this for functions which it implements
|     to always fail with ENOSYS.  Some functions are actually named
|     something starting with __ and the normal name is an alias.  */
| #if defined __stub__doprnt || defined __stub____doprnt
| choke me
| #endif
| 
| int
| main ()
| {
| return _doprnt ();
|   ;
|   return 0;
| }
configure:14738: result: no
configure:14750: checking for size_t
configure:14750: gcc -c -g -O2 -Wall -Wdeclaration-after-statement -Wmissing-prototypes -Werror=missing-prototypes -Wstrict-prototypes -Wmissing-declarations -Winit-self -Wpointer-arith -Wold-style-definition -Wmissing-format-attribute -Wformat-security -fno-common -fdiagnostics-show-option    conftest.c >&5
conftest.c:69:1: warning: function declaration isn't a prototype [-Wstrict-prototypes]
 main ()
 ^
conftest.c: In function 'main':
conftest.c:69:1: warning: old-style function definition [-Wold-style-definition]
configure:14750: $? = 0
configure:14750: gcc -c -g -O2 -Wall -Wdeclaration-after-statement -Wmissing-prototypes -Werror=missing-prototypes -Wstrict-prototypes -Wmissing-declarations -Winit-self -Wpointer-arith -Wold-style-definition -Wmissing-format-attribute -Wformat-security -fno-common -fdiagnostics-show-option    conftest.c >&5
conftest.c:69:1: warning: function declaration isn't a prototype [-Wstrict-prototypes]
 main ()
 ^
conftest.c: In function 'main':
conftest.c:69:1: warning: old-style function definition [-Wold-style-definition]
conftest.c:71:21: error: expected expression before ')' token
 if (sizeof ((size_t)))
                     ^
configure:14750: $? = 1
configure: failed program was:
| /* confdefs.h */
| #define PACKAGE_NAME "GIMP"
| #define PACKAGE_TARNAME "gimp"
| #define PACKAGE_VERSION "2.8.22"
| #define PACKAGE_STRING "GIMP 2.8.22"
| #define PACKAGE_BUGREPORT "http://bugzilla.gnome.org/enter_bug.cgi?product=GIMP"
| #define PACKAGE_URL ""
| #define GETTEXT_PACKAGE "gimp20"
| #define STDC_HEADERS 1
| #define HAVE_SYS_TYPES_H 1
| #define HAVE_SYS_STAT_H 1
| #define HAVE_STDLIB_H 1
| #define HAVE_STRING_H 1
| #define HAVE_MEMORY_H 1
| #define HAVE_STRINGS_H 1
| #define HAVE_INTTYPES_H 1
| #define HAVE_STDINT_H 1
| #define HAVE_UNISTD_H 1
| #define HAVE_DLFCN_H 1
| #define LT_OBJDIR ".libs/"
| #define ARCH_X86 1
| #define ARCH_X86_64 1
| #define STDC_HEADERS 1
| #define HAVE_SYS_WAIT_H 1
| #define TIME_WITH_SYS_TIME 1
| #define HAVE_EXECINFO_H 1
| #define HAVE_SYS_PARAM_H 1
| #define HAVE_SYS_TIME_H 1
| #define HAVE_SYS_TIMES_H 1
| #define HAVE_SYS_WAIT_H 1
| #define HAVE_UNISTD_H 1
| #define HAVE_BACKTRACE 1
| #define HAVE_VPRINTF 1
| /* end confdefs.h.  */
| #include <stdio.h>
| #ifdef HAVE_SYS_TYPES_H
| # include <sys/types.h>
| #endif
| #ifdef HAVE_SYS_STAT_H
| # include <sys/stat.h>
| #endif
| #ifdef STDC_HEADERS
| # include <stdlib.h>
| # include <stddef.h>
| #else
| # ifdef HAVE_STDLIB_H
| #  include <stdlib.h>
| # endif
| #endif
| #ifdef HAVE_STRING_H
| # if !defined STDC_HEADERS && defined HAVE_MEMORY_H
| #  include <memory.h>
| # endif
| # include <string.h>
| #endif
| #ifdef HAVE_STRINGS_H
| # include <strings.h>
| #endif
| #ifdef HAVE_INTTYPES_H
| # include <inttypes.h>
| #endif
| #ifdef HAVE_STDINT_H
| # include <stdint.h>
| #endif
| #ifdef HAVE_UNISTD_H
| # include <unistd.h>
| #endif
| int
| main ()
| {
| if (sizeof ((size_t)))
| 	    return 0;
|   ;
|   return 0;
| }
configure:14750: result: yes
configure:14763: checking for working alloca.h
configure:14780: gcc -o conftest -g -O2 -Wall -Wdeclaration-after-statement -Wmissing-prototypes -Werror=missing-prototypes -Wstrict-prototypes -Wmissing-declarations -Winit-self -Wpointer-arith -Wold-style-definition -Wmissing-format-attribute -Wformat-security -fno-common -fdiagnostics-show-option     conftest.c  >&5
conftest.c:37:1: warning: function declaration isn't a prototype [-Wstrict-prototypes]
 main ()
 ^
conftest.c: In function 'main':
conftest.c:37:1: warning: old-style function definition [-Wold-style-definition]
configure:14780: $? = 0
configure:14788: result: yes
configure:14796: checking for alloca
configure:14833: gcc -o conftest -g -O2 -Wall -Wdeclaration-after-statement -Wmissing-prototypes -Werror=missing-prototypes -Wstrict-prototypes -Wmissing-declarations -Winit-self -Wpointer-arith -Wold-style-definition -Wmissing-format-attribute -Wformat-security -fno-common -fdiagnostics-show-option     conftest.c  >&5
conftest.c:58:1: warning: function declaration isn't a prototype [-Wstrict-prototypes]
 main ()
 ^
conftest.c: In function 'main':
conftest.c:58:1: warning: old-style function definition [-Wold-style-definition]
configure:14833: $? = 0
configure:14841: result: yes
configure:14951: checking for fsync
configure:14951: gcc -o conftest -g -O2 -Wall -Wdeclaration-after-statement -Wmissing-prototypes -Werror=missing-prototypes -Wstrict-prototypes -Wmissing-declarations -Winit-self -Wpointer-arith -Wold-style-definition -Wmissing-format-attribute -Wformat-security -fno-common -fdiagnostics-show-option     conftest.c  >&5
conftest.c:60:1: warning: function declaration isn't a prototype [-Wstrict-prototypes]
 char fsync ();
 ^
conftest.c:69:1: warning: function declaration isn't a prototype [-Wstrict-prototypes]
 main ()
 ^
conftest.c: In function 'main':
conftest.c:69:1: warning: old-style function definition [-Wold-style-definition]
configure:14951: $? = 0
configure:14951: result: yes
configure:14963: checking for difftime
configure:14963: gcc -o conftest -g -O2 -Wall -Wdeclaration-after-statement -Wmissing-prototypes -Werror=missing-prototypes -Wstrict-prototypes -Wmissing-declarations -Winit-self -Wpointer-arith -Wold-style-definition -Wmissing-format-attribute -Wformat-security -fno-common -fdiagnostics-show-option     conftest.c  >&5
conftest.c:61:1: warning: function declaration isn't a prototype [-Wstrict-prototypes]
 char difftime ();
 ^
conftest.c:70:1: warning: function declaration isn't a prototype [-Wstrict-prototypes]
 main ()
 ^
conftest.c: In function 'main':
conftest.c:70:1: warning: old-style function definition [-Wold-style-definition]
configure:14963: $? = 0
configure:14963: result: yes
configure:14963: checking for mmap
configure:14963: gcc -o conftest -g -O2 -Wall -Wdeclaration-after-statement -Wmissing-prototypes -Werror=missing-prototypes -Wstrict-prototypes -Wmissing-declarations -Winit-self -Wpointer-arith -Wold-style-definition -Wmissing-format-attribute -Wformat-security -fno-common -fdiagnostics-show-option     conftest.c  >&5
conftest.c:62:1: warning: function declaration isn't a prototype [-Wstrict-prototypes]
 char mmap ();
 ^
conftest.c:71:1: warning: function declaration isn't a prototype [-Wstrict-prototypes]
 main ()
 ^
conftest.c: In function 'main':
conftest.c:71:1: warning: old-style function definition [-Wold-style-definition]
configure:14963: $? = 0
configure:14963: result: yes
configure:15032: checking whether binary relocation support should be enabled
configure:15050: result: no
configure:15141: checking for _NL_MEASUREMENT_MEASUREMENT
configure:15154: gcc -o conftest -g -O2 -Wall -Wdeclaration-after-statement -Wmissing-prototypes -Werror=missing-prototypes -Wstrict-prototypes -Wmissing-declarations -Winit-self -Wpointer-arith -Wold-style-definition -Wmissing-format-attribute -Wformat-security -fno-common -fdiagnostics-show-option     conftest.c  >&5
conftest.c:42:1: warning: function declaration isn't a prototype [-Wstrict-prototypes]
 main ()
 ^
conftest.c: In function 'main':
conftest.c:42:1: warning: old-style function definition [-Wold-style-definition]
conftest.c:44:6: warning: unused variable 'c' [-Wunused-variable]
 char c = *((unsigned char *)  nl_langinfo(_NL_MEASUREMENT_MEASUREMENT));
      ^
configure:15154: $? = 0
configure:15161: result: yes
configure:15175: checking whether NLS is requested
configure:15184: result: yes
configure:15202: checking for intltool >= 0.40.1
configure:15204: result:  found
configure:15207: error: Your intltool is too old.  You need intltool 0.40.1 or later.

## ---------------- ##
## Cache variables. ##
## ---------------- ##

ac_cv_build=x86_64-pc-linux-gnu
ac_cv_c_compiler_gnu=yes
ac_cv_env_ATK_CFLAGS_set=
ac_cv_env_ATK_CFLAGS_value=
ac_cv_env_ATK_LIBS_set=
ac_cv_env_ATK_LIBS_value=
ac_cv_env_BABL_CFLAGS_set=
ac_cv_env_BABL_CFLAGS_value=
ac_cv_env_BABL_LIBS_set=
ac_cv_env_BABL_LIBS_value=
ac_cv_env_CAIRO_CFLAGS_set=
ac_cv_env_CAIRO_CFLAGS_value=
ac_cv_env_CAIRO_LIBS_set=
ac_cv_env_CAIRO_LIBS_value=
ac_cv_env_CAIRO_PDF_CFLAGS_set=
ac_cv_env_CAIRO_PDF_CFLAGS_value=
ac_cv_env_CAIRO_PDF_LIBS_set=
ac_cv_env_CAIRO_PDF_LIBS_value=
ac_cv_env_CCASFLAGS_set=
ac_cv_env_CCASFLAGS_value=
ac_cv_env_CCAS_set=
ac_cv_env_CCAS_value=
ac_cv_env_CC_set=
ac_cv_env_CC_value=
ac_cv_env_CFLAGS_set=
ac_cv_env_CFLAGS_value=
ac_cv_env_CPPFLAGS_set=
ac_cv_env_CPPFLAGS_value=
ac_cv_env_CPP_set=
ac_cv_env_CPP_value=
ac_cv_env_CURL_CFLAGS_set=
ac_cv_env_CURL_CFLAGS_value=
ac_cv_env_CURL_LIBS_set=
ac_cv_env_CURL_LIBS_value=
ac_cv_env_DBUS_GLIB_CFLAGS_set=
ac_cv_env_DBUS_GLIB_CFLAGS_value=
ac_cv_env_DBUS_GLIB_LIBS_set=
ac_cv_env_DBUS_GLIB_LIBS_value=
ac_cv_env_EXIF_CFLAGS_set=
ac_cv_env_EXIF_CFLAGS_value=
ac_cv_env_EXIF_LIBS_set=
ac_cv_env_EXIF_LIBS_value=
ac_cv_env_FONTCONFIG_CFLAGS_set=
ac_cv_env_FONTCONFIG_CFLAGS_value=
ac_cv_env_FONTCONFIG_LIBS_set=
ac_cv_env_FONTCONFIG_LIBS_value=
ac_cv_env_GDK_PIXBUF_CFLAGS_set=
ac_cv_env_GDK_PIXBUF_CFLAGS_value=
ac_cv_env_GDK_PIXBUF_LIBS_set=
ac_cv_env_GDK_PIXBUF_LIBS_value=
ac_cv_env_GEGL_CFLAGS_set=
ac_cv_env_GEGL_CFLAGS_value=
ac_cv_env_GEGL_LIBS_set=
ac_cv_env_GEGL_LIBS_value=
ac_cv_env_GIO_CFLAGS_set=
ac_cv_env_GIO_CFLAGS_value=
ac_cv_env_GIO_LIBS_set=
ac_cv_env_GIO_LIBS_value=
ac_cv_env_GMODULE_NO_EXPORT_CFLAGS_set=
ac_cv_env_GMODULE_NO_EXPORT_CFLAGS_value=
ac_cv_env_GMODULE_NO_EXPORT_LIBS_set=
ac_cv_env_GMODULE_NO_EXPORT_LIBS_value=
ac_cv_env_GTKDOC_DEPS_CFLAGS_set=
ac_cv_env_GTKDOC_DEPS_CFLAGS_value=
ac_cv_env_GTKDOC_DEPS_LIBS_set=
ac_cv_env_GTKDOC_DEPS_LIBS_value=
ac_cv_env_GTK_MAC_INTEGRATION_CFLAGS_set=
ac_cv_env_GTK_MAC_INTEGRATION_CFLAGS_value=
ac_cv_env_GTK_MAC_INTEGRATION_LIBS_set=
ac_cv_env_GTK_MAC_INTEGRATION_LIBS_value=
ac_cv_env_GUDEV_CFLAGS_set=
ac_cv_env_GUDEV_CFLAGS_value=
ac_cv_env_GUDEV_LIBS_set=
ac_cv_env_GUDEV_LIBS_value=
ac_cv_env_LCMS1_CFLAGS_set=
ac_cv_env_LCMS1_CFLAGS_value=
ac_cv_env_LCMS1_LIBS_set=
ac_cv_env_LCMS1_LIBS_value=
ac_cv_env_LCMS2_CFLAGS_set=
ac_cv_env_LCMS2_CFLAGS_value=
ac_cv_env_LCMS2_LIBS_set=
ac_cv_env_LCMS2_LIBS_value=
ac_cv_env_LDFLAGS_set=
ac_cv_env_LDFLAGS_value=
ac_cv_env_LIBS_set=
ac_cv_env_LIBS_value=
ac_cv_env_LT_SYS_LIBRARY_PATH_set=
ac_cv_env_LT_SYS_LIBRARY_PATH_value=
ac_cv_env_PANGOCAIRO_CFLAGS_set=
ac_cv_env_PANGOCAIRO_CFLAGS_value=
ac_cv_env_PANGOCAIRO_LIBS_set=
ac_cv_env_PANGOCAIRO_LIBS_value=
ac_cv_env_PKG_CONFIG_LIBDIR_set=
ac_cv_env_PKG_CONFIG_LIBDIR_value=
ac_cv_env_PKG_CONFIG_PATH_set=
ac_cv_env_PKG_CONFIG_PATH_value=
ac_cv_env_PKG_CONFIG_set=
ac_cv_env_PKG_CONFIG_value=
ac_cv_env_PNG_CFLAGS_set=
ac_cv_env_PNG_CFLAGS_value=
ac_cv_env_PNG_LIBS_set=
ac_cv_env_PNG_LIBS_value=
ac_cv_env_POPPLER_CFLAGS_set=
ac_cv_env_POPPLER_CFLAGS_value=
ac_cv_env_POPPLER_LIBS_set=
ac_cv_env_POPPLER_LIBS_value=
ac_cv_env_PYGTK_CFLAGS_set=
ac_cv_env_PYGTK_CFLAGS_value=
ac_cv_env_PYGTK_LIBS_set=
ac_cv_env_PYGTK_LIBS_value=
ac_cv_env_PYTHON_set=
ac_cv_env_PYTHON_value=
ac_cv_env_RECOMMENDED_WIN32_FONTCONFIG_CFLAGS_set=
ac_cv_env_RECOMMENDED_WIN32_FONTCONFIG_CFLAGS_value=
ac_cv_env_RECOMMENDED_WIN32_FONTCONFIG_LIBS_set=
ac_cv_env_RECOMMENDED_WIN32_FONTCONFIG_LIBS_value=
ac_cv_env_SVG_CFLAGS_set=
ac_cv_env_SVG_CFLAGS_value=
ac_cv_env_SVG_LIBS_set=
ac_cv_env_SVG_LIBS_value=
ac_cv_env_WEBKIT_CFLAGS_set=
ac_cv_env_WEBKIT_CFLAGS_value=
ac_cv_env_WEBKIT_LIBS_set=
ac_cv_env_WEBKIT_LIBS_value=
ac_cv_env_XFIXES_CFLAGS_set=
ac_cv_env_XFIXES_CFLAGS_value=
ac_cv_env_XFIXES_LIBS_set=
ac_cv_env_XFIXES_LIBS_value=
ac_cv_env_XMC_CFLAGS_set=
ac_cv_env_XMC_CFLAGS_value=
ac_cv_env_XMC_LIBS_set=
ac_cv_env_XMC_LIBS_value=
ac_cv_env_XMKMF_set=
ac_cv_env_XMKMF_value=
ac_cv_env_build_alias_set=
ac_cv_env_build_alias_value=
ac_cv_env_host_alias_set=
ac_cv_env_host_alias_value=
ac_cv_env_target_alias_set=
ac_cv_env_target_alias_value=
ac_cv_func__doprnt=no
ac_cv_func_alloca_works=yes
ac_cv_func_backtrace=yes
ac_cv_func_difftime=yes
ac_cv_func_fsync=yes
ac_cv_func_mmap=yes
ac_cv_func_vprintf=yes
ac_cv_header_dlfcn_h=yes
ac_cv_header_execinfo_h=yes
ac_cv_header_inttypes_h=yes
ac_cv_header_memory_h=yes
ac_cv_header_stdc=yes
ac_cv_header_stdint_h=yes
ac_cv_header_stdlib_h=yes
ac_cv_header_string_h=yes
ac_cv_header_strings_h=yes
ac_cv_header_sys_param_h=yes
ac_cv_header_sys_stat_h=yes
ac_cv_header_sys_time_h=yes
ac_cv_header_sys_times_h=yes
ac_cv_header_sys_types_h=yes
ac_cv_header_sys_wait_h=yes
ac_cv_header_time=yes
ac_cv_header_unistd_h=yes
ac_cv_host=x86_64-pc-linux-gnu
ac_cv_objext=o
ac_cv_path_EGREP='/bin/grep -E'
ac_cv_path_FGREP='/bin/grep -F'
ac_cv_path_GREP=/bin/grep
ac_cv_path_SED=/bin/sed
ac_cv_path_ac_pt_PKG_CONFIG=/usr/bin/pkg-config
ac_cv_path_install='/usr/bin/install -c'
ac_cv_path_lt_DD=/bin/dd
ac_cv_path_mkdir=/bin/mkdir
ac_cv_prog_AWK=mawk
ac_cv_prog_CPP='gcc -E'
ac_cv_prog_ac_ct_AR=ar
ac_cv_prog_ac_ct_CC=gcc
ac_cv_prog_ac_ct_MANIFEST_TOOL=mt
ac_cv_prog_ac_ct_OBJDUMP=objdump
ac_cv_prog_ac_ct_RANLIB=ranlib
ac_cv_prog_ac_ct_STRIP=strip
ac_cv_prog_cc_c89=
ac_cv_prog_cc_g=yes
ac_cv_prog_make_make_set=yes
ac_cv_sys_file_offset_bits=no
ac_cv_sys_largefile_CC=no
ac_cv_type_pid_t=yes
ac_cv_type_size_t=yes
ac_cv_working_alloca_h=yes
am_cv_CCAS_dependencies_compiler_type=gcc3
am_cv_CC_dependencies_compiler_type=gcc3
am_cv_make_support_nested_variables=yes
am_cv_prog_cc_c_o=yes
br_cv_binreloc=no
lt_cv_ar_at_file=@
lt_cv_archive_cmds_need_lc=no
lt_cv_deplibs_check_method=pass_all
lt_cv_file_magic_cmd='$MAGIC_CMD'
lt_cv_file_magic_test_file=
lt_cv_ld_reload_flag=-r
lt_cv_nm_interface='BSD nm'
lt_cv_objdir=.libs
lt_cv_path_LD=/usr/bin/ld
lt_cv_path_NM='/usr/bin/nm -B'
lt_cv_path_mainfest_tool=no
lt_cv_prog_compiler_c_o=yes
lt_cv_prog_compiler_pic='-fPIC -DPIC'
lt_cv_prog_compiler_pic_works=yes
lt_cv_prog_compiler_rtti_exceptions=no
lt_cv_prog_compiler_static_works=yes
lt_cv_prog_gnu_ld=yes
lt_cv_sharedlib_from_linklib_cmd='printf %s\n'
lt_cv_shlibpath_overrides_runpath=no
lt_cv_sys_global_symbol_pipe='sed -n -e '\''s/^.*[	 ]\([ABCDGIRSTW][ABCDGIRSTW]*\)[	 ][	 ]*\([_A-Za-z][_A-Za-z0-9]*\)$/\1 \2 \2/p'\'' | sed '\''/ __gnu_lto/d'\'''
lt_cv_sys_global_symbol_to_c_name_address='sed -n -e '\''s/^: \(.*\) .*$/  {"\1", (void *) 0},/p'\'' -e '\''s/^[ABCDGIRSTW][ABCDGIRSTW]* .* \(.*\)$/  {"\1", (void *) \&\1},/p'\'''
lt_cv_sys_global_symbol_to_c_name_address_lib_prefix='sed -n -e '\''s/^: \(.*\) .*$/  {"\1", (void *) 0},/p'\'' -e '\''s/^[ABCDGIRSTW][ABCDGIRSTW]* .* \(lib.*\)$/  {"\1", (void *) \&\1},/p'\'' -e '\''s/^[ABCDGIRSTW][ABCDGIRSTW]* .* \(.*\)$/  {"lib\1", (void *) \&\1},/p'\'''
lt_cv_sys_global_symbol_to_cdecl='sed -n -e '\''s/^T .* \(.*\)$/extern int \1();/p'\'' -e '\''s/^[ABCDGIRSTW][ABCDGIRSTW]* .* \(.*\)$/extern char \1;/p'\'''
lt_cv_sys_global_symbol_to_import=
lt_cv_sys_max_cmd_len=1572864
lt_cv_to_host_file_cmd=func_convert_file_noop
lt_cv_to_tool_file_cmd=func_convert_file_noop
lt_cv_truncate_bin='/bin/dd bs=4096 count=1'

## ----------------- ##
## Output variables. ##
## ----------------- ##

AA_LIBS=''
ACLOCAL='${SHELL} "/home/floboui/Bureau/L3/realisation de programme/projet gimp/gimp-2.8.22/missing" aclocal-1.15'
ALLOCA=''
ALL_LINGUAS=''
ALSA_CFLAGS=''
ALSA_LIBS=''
ALTIVEC_EXTRA_CFLAGS=''
AMDEPBACKSLASH='\'
AMDEP_FALSE='#'
AMDEP_TRUE=''
AMTAR='$${TAR-tar}'
AM_BACKSLASH='\'
AM_DEFAULT_V='$(AM_DEFAULT_VERBOSITY)'
AM_DEFAULT_VERBOSITY='0'
AM_V='$(V)'
AR='ar'
AS='as'
ATK_CFLAGS=''
ATK_LIBS=''
AUTOCONF='${SHELL} "/home/floboui/Bureau/L3/realisation de programme/projet gimp/gimp-2.8.22/missing" autoconf'
AUTOHEADER='${SHELL} "/home/floboui/Bureau/L3/realisation de programme/projet gimp/gimp-2.8.22/missing" autoheader'
AUTOMAKE='${SHELL} "/home/floboui/Bureau/L3/realisation de programme/projet gimp/gimp-2.8.22/missing" automake-1.15'
AWK='mawk'
BABL_CFLAGS=''
BABL_LIBS=''
BINRELOC_CFLAGS=''
BINRELOC_LIBS=''
BUILD_JP2_FALSE=''
BUILD_JP2_TRUE=''
BUILD_JPEG_FALSE=''
BUILD_JPEG_TRUE=''
BUILD_PRINT_FALSE=''
BUILD_PRINT_TRUE=''
BUILD_PYTHON_FALSE=''
BUILD_PYTHON_TRUE=''
BUILD_SCRIPT_FU_FALSE=''
BUILD_SCRIPT_FU_TRUE=''
BUILD_XJT_FALSE=''
BUILD_XJT_TRUE=''
BZIP2_LIBS=''
CAIRO_CFLAGS=''
CAIRO_LIBS=''
CAIRO_PDF_CFLAGS=''
CAIRO_PDF_LIBS=''
CAIRO_REQUIRED_VERSION='1.10.2'
CATALOGS=''
CATOBJEXT=''
CC='gcc'
CCAS='gcc'
CCASDEPMODE='depmode=gcc3'
CCASFLAGS='-g -O2'
CCDEPMODE='depmode=gcc3'
CFLAGS='-g -O2 -Wall -Wdeclaration-after-statement -Wmissing-prototypes -Werror=missing-prototypes -Wstrict-prototypes -Wmissing-declarations -Winit-self -Wpointer-arith -Wold-style-definition -Wmissing-format-attribute -Wformat-security -fno-common -fdiagnostics-show-option  '
CPP='gcc -E'
CPPFLAGS=''
CURL_CFLAGS=''
CURL_LIBS=''
CYGPATH_W='echo'
DATADIRNAME=''
DBUS_BINDING_TOOL=''
DBUS_GLIB_CFLAGS=''
DBUS_GLIB_LIBS=''
DEFAULT_BINARY_FALSE=''
DEFAULT_BINARY_TRUE=''
DEFS=''
DEPDIR='.deps'
DESKTOP_DATADIR=''
DESKTOP_DATADIR_FALSE=''
DESKTOP_DATADIR_TRUE=''
DLLTOOL='false'
DOC_SHOOTER=''
DSYMUTIL=''
DUMPBIN=''
ECHO_C=''
ECHO_N='-n'
ECHO_T=''
EGREP='/bin/grep -E'
ENABLE_GIMP_CONSOLE_FALSE=''
ENABLE_GIMP_CONSOLE_TRUE=''
ENABLE_GTK_DOC_APP_FALSE=''
ENABLE_GTK_DOC_APP_TRUE=''
ENABLE_GTK_DOC_FALSE=''
ENABLE_GTK_DOC_TRUE=''
EXEEXT=''
EXIF_CFLAGS=''
EXIF_LIBS=''
FGREP='/bin/grep -F'
FILE_AA=''
FILE_JP2_LOAD=''
FILE_MNG=''
FILE_PDF_LOAD=''
FILE_PDF_SAVE=''
FILE_PNG=''
FILE_PS=''
FILE_PSP=''
FILE_SVG=''
FILE_TIFF_LOAD=''
FILE_TIFF_SAVE=''
FILE_WMF=''
FILE_XMC=''
FILE_XPM=''
FONTCONFIG_CFLAGS=''
FONTCONFIG_LIBS=''
FONTCONFIG_WIN32_RECOMMENDED_VERSION='2.11.1'
FREETYPE_CONFIG=''
FREETYPE_LIBS=''
GDK_PIXBUF_CFLAGS=''
GDK_PIXBUF_CSOURCE=''
GDK_PIXBUF_LIBS=''
GDK_PIXBUF_REQUIRED_VERSION='2.24.1'
GEGL_CFLAGS=''
GEGL_LIBS=''
GETTEXT_PACKAGE='gimp20'
GIMP_API_VERSION='2.0'
GIMP_APP_VERSION='2.8'
GIMP_BINARY_AGE='822'
GIMP_COMMAND=''
GIMP_DATA_VERSION='2.0'
GIMP_FULL_NAME='GNU Image Manipulation Program'
GIMP_INTERFACE_AGE='22'
GIMP_MAJOR_VERSION='2'
GIMP_MICRO_VERSION='22'
GIMP_MINOR_VERSION='8'
GIMP_MKENUMS=''
GIMP_MODULES=''
GIMP_PKGCONFIG_VERSION='2.0'
GIMP_PLUGINS=''
GIMP_PLUGIN_VERSION='2.0'
GIMP_REAL_VERSION='2.8.22'
GIMP_SYSCONF_VERSION='2.0'
GIMP_TOOL_VERSION='2.0'
GIMP_UNSTABLE='no'
GIMP_UNSTABLE_FALSE=''
GIMP_UNSTABLE_TRUE='#'
GIMP_USER_VERSION='2.8'
GIMP_VERSION='2.8.22'
GIO_CFLAGS=''
GIO_LIBS=''
GLIB_CFLAGS=''
GLIB_COMPILE_RESOURCES=''
GLIB_GENMARSHAL=''
GLIB_LIBS=''
GLIB_MKENUMS=''
GLIB_REQUIRED_VERSION='2.30.2'
GMODULE_NO_EXPORT_CFLAGS=''
GMODULE_NO_EXPORT_LIBS=''
GMOFILES=''
GMSGFMT=''
GOBJECT_QUERY=''
GREP='/bin/grep'
GS_LIBS=''
GTKDOC_CHECK=''
GTKDOC_CHECK_PATH=''
GTKDOC_DEPS_CFLAGS=''
GTKDOC_DEPS_LIBS=''
GTKDOC_MKPDF=''
GTKDOC_REBASE=''
GTK_CFLAGS=''
GTK_DOC_BUILD_HTML_FALSE=''
GTK_DOC_BUILD_HTML_TRUE=''
GTK_DOC_BUILD_PDF_FALSE=''
GTK_DOC_BUILD_PDF_TRUE=''
GTK_DOC_USE_LIBTOOL_FALSE=''
GTK_DOC_USE_LIBTOOL_TRUE=''
GTK_DOC_USE_REBASE_FALSE=''
GTK_DOC_USE_REBASE_TRUE=''
GTK_LIBS=''
GTK_MAC_INTEGRATION_CFLAGS=''
GTK_MAC_INTEGRATION_LIBS=''
GTK_REQUIRED_VERSION='2.24.10'
GUDEV_CFLAGS=''
GUDEV_LIBS=''
HAVE_BZIP2_FALSE=''
HAVE_BZIP2_TRUE=''
HAVE_DX_DINPUT_FALSE=''
HAVE_DX_DINPUT_TRUE=''
HAVE_FINITE=''
HAVE_GS_FALSE=''
HAVE_GS_TRUE=''
HAVE_GTK_DOC_FALSE=''
HAVE_GTK_DOC_TRUE=''
HAVE_GVFS_FALSE=''
HAVE_GVFS_TRUE=''
HAVE_ISFINITE=''
HAVE_LCMS_FALSE=''
HAVE_LCMS_TRUE=''
HAVE_LIBCURL_FALSE=''
HAVE_LIBCURL_TRUE=''
HAVE_LIBEXIF_FALSE=''
HAVE_LIBEXIF_TRUE=''
HAVE_LINUX_INPUT_FALSE=''
HAVE_LINUX_INPUT_TRUE=''
HAVE_MAC_TWAIN_FALSE=''
HAVE_MAC_TWAIN_TRUE=''
HAVE_PNG_FALSE=''
HAVE_PNG_TRUE=''
HAVE_WEBKIT_FALSE=''
HAVE_WEBKIT_TRUE=''
HAVE_WINDRES_FALSE=''
HAVE_WINDRES_TRUE='#'
HAVE_XMLLINT_FALSE=''
HAVE_XMLLINT_TRUE=''
HAVE_XSLTPROC_FALSE=''
HAVE_XSLTPROC_TRUE=''
HAVE_XVFB_RUN_FALSE=''
HAVE_XVFB_RUN_TRUE=''
HAVE_Z_FALSE=''
HAVE_Z_TRUE=''
HTML_DIR=''
INSTALL_DATA='${INSTALL} -m 644'
INSTALL_PROGRAM='${INSTALL}'
INSTALL_SCRIPT='${INSTALL}'
INSTALL_STRIP_PROGRAM='$(install_sh) -c -s'
INSTOBJEXT=''
INTLLIBS=''
INTLTOOL_CAVES_RULE=''
INTLTOOL_DESKTOP_RULE=''
INTLTOOL_DIRECTORY_RULE=''
INTLTOOL_EXTRACT=''
INTLTOOL_KBD_RULE=''
INTLTOOL_KEYS_RULE=''
INTLTOOL_MERGE=''
INTLTOOL_OAF_RULE=''
INTLTOOL_PERL=''
INTLTOOL_POLICY_RULE=''
INTLTOOL_PONG_RULE=''
INTLTOOL_PROP_RULE=''
INTLTOOL_SCHEMAS_RULE=''
INTLTOOL_SERVER_RULE=''
INTLTOOL_SERVICE_RULE=''
INTLTOOL_SHEET_RULE=''
INTLTOOL_SOUNDLIST_RULE=''
INTLTOOL_THEME_RULE=''
INTLTOOL_UI_RULE=''
INTLTOOL_UPDATE=''
INTLTOOL_V_MERGE=''
INTLTOOL_V_MERGE_OPTIONS=''
INTLTOOL_XAM_RULE=''
INTLTOOL_XML_NOMERGE_RULE=''
INTLTOOL_XML_RULE=''
INTLTOOL__v_MERGE_0=''
INTLTOOL__v_MERGE_=''
ISO_CODES_LOCALEDIR=''
ISO_CODES_LOCATION=''
JP2_LIBS=''
JPEG_LIBS=''
LCMS1_CFLAGS=''
LCMS1_LIBS=''
LCMS2_CFLAGS=''
LCMS2_LIBS=''
LCMS=''
LCMS_CFLAGS=''
LCMS_LIBS=''
LD='/usr/bin/ld -m elf_x86_64'
LDFLAGS=''
LIBOBJS=''
LIBS=''
LIBTOOL='$(SHELL) $(top_builddir)/libtool'
LIPO=''
LN_S='ln -s'
LTLIBOBJS=''
LT_CURRENT_MINUS_AGE='0'
LT_SYS_LIBRARY_PATH=''
LT_VERSION_INFO='800:22:800'
MAIL=''
MAINT=''
MAINTAINER_MODE_FALSE='#'
MAINTAINER_MODE_TRUE=''
MAKEINFO='${SHELL} "/home/floboui/Bureau/L3/realisation de programme/projet gimp/gimp-2.8.22/missing" makeinfo'
MANIFEST_TOOL=':'
MIME_TYPES=''
MKDIR_P='/bin/mkdir -p'
MKINSTALLDIRS=''
MMX_EXTRA_CFLAGS=''
MNG_CFLAGS=''
MNG_LIBS=''
MSGFMT=''
MSGFMT_OPTS=''
MSGMERGE=''
MS_LIB_AVAILABLE_FALSE=''
MS_LIB_AVAILABLE_TRUE='#'
NM='/usr/bin/nm -B'
NMEDIT=''
OBJDUMP='objdump'
OBJEXT='o'
OS_UNIX_FALSE='#'
OS_UNIX_TRUE=''
OS_WIN32_FALSE=''
OS_WIN32_TRUE='#'
OTOOL64=''
OTOOL=''
PACKAGE='gimp'
PACKAGE_BUGREPORT='http://bugzilla.gnome.org/enter_bug.cgi?product=GIMP'
PACKAGE_NAME='GIMP'
PACKAGE_STRING='GIMP 2.8.22'
PACKAGE_TARNAME='gimp'
PACKAGE_URL=''
PACKAGE_VERSION='2.8.22'
PANGOCAIRO_CFLAGS=''
PANGOCAIRO_LIBS=''
PATHSEP=':'
PATH_SEPARATOR=':'
PERL=''
PKG_CONFIG='/usr/bin/pkg-config'
PKG_CONFIG_LIBDIR=''
PKG_CONFIG_PATH=''
PLATFORM_OSX_FALSE=''
PLATFORM_OSX_TRUE=''
PLATFORM_WIN32_FALSE=''
PLATFORM_WIN32_TRUE='#'
PNG_CFLAGS=''
PNG_LIBS=''
POFILES=''
POPPLER_CFLAGS=''
POPPLER_LIBS=''
POSUB=''
PO_IN_DATADIR_FALSE=''
PO_IN_DATADIR_TRUE=''
PYBIN_PATH=''
PYGIMP_EXTRA_CFLAGS=''
PYGTK_CFLAGS=''
PYGTK_CODEGEN=''
PYGTK_DEFSDIR=''
PYGTK_LIBS=''
PYLINK_LIBS=''
PYTHON2_REQUIRED_VERSION='2.5.0'
PYTHON=''
PYTHON_EXEC_PREFIX=''
PYTHON_INCLUDES=''
PYTHON_PLATFORM=''
PYTHON_PREFIX=''
PYTHON_VERSION=''
RANLIB='ranlib'
RECOMMENDED_WIN32_FONTCONFIG_CFLAGS=''
RECOMMENDED_WIN32_FONTCONFIG_LIBS=''
RT_LIBS=''
SCREENSHOT=''
SCREENSHOT_LIBS=''
SED='/bin/sed'
SENDMAIL=''
SET_MAKE=''
SHELL='/bin/bash'
SOCKET_LIBS=''
SSE_EXTRA_CFLAGS=''
STATICLIBS_FALSE=''
STATICLIBS_TRUE=''
STRIP='strip'
SVG_CFLAGS=''
SVG_LIBS=''
SYMPREFIX=''
TIFF_LIBS=''
USE_BINRELOC_FALSE=''
USE_BINRELOC_TRUE='#'
USE_NLS='yes'
VERSION='2.8.22'
WEBKIT_CFLAGS=''
WEBKIT_LIBS=''
WEB_PAGE=''
WIN32_LARGE_ADDRESS_AWARE=''
WINDRES=':'
WITH_PDBGEN_FALSE=''
WITH_PDBGEN_TRUE=''
WMF_CFLAGS=''
WMF_CONFIG=''
WMF_LIBS=''
XFIXES_CFLAGS=''
XFIXES_LIBS=''
XGETTEXT=''
XMC_CFLAGS=''
XMC_LIBS=''
XMKMF=''
XMLLINT=''
XMU_LIBS=''
XPM_LIBS=''
XSLTPROC=''
XVFB_RUN=''
X_CFLAGS=''
X_EXTRA_LIBS=''
X_LIBS=''
X_PRE_LIBS=''
Z_LIBS=''
ac_ct_AR='ar'
ac_ct_CC='gcc'
ac_ct_DUMPBIN=''
am__EXEEXT_FALSE=''
am__EXEEXT_TRUE=''
am__fastdepCCAS_FALSE='#'
am__fastdepCCAS_TRUE=''
am__fastdepCC_FALSE='#'
am__fastdepCC_TRUE=''
am__include='include'
am__isrc=''
am__leading_dot='.'
am__nodep='_no'
am__quote=''
am__tar='$${TAR-tar} chof - "$$tardir"'
am__untar='$${TAR-tar} xf -'
bindir='${exec_prefix}/bin'
build='x86_64-pc-linux-gnu'
build_alias=''
build_cpu='x86_64'
build_os='linux-gnu'
build_vendor='pc'
datadir='${datarootdir}'
datarootdir='${prefix}/share'
docdir='${datarootdir}/doc/${PACKAGE_TARNAME}'
dvidir='${docdir}'
exec_prefix='NONE'
gimpdatadir=''
gimpdir=''
gimplocaledir=''
gimpplugindir=''
gimpsysconfdir=''
host='x86_64-pc-linux-gnu'
host_alias=''
host_cpu='x86_64'
host_os='linux-gnu'
host_vendor='pc'
htmldir='${docdir}'
includedir='${prefix}/include'
infodir='${datarootdir}/info'
install_sh='${SHELL} '\''/home/floboui/Bureau/L3/realisation de programme/projet gimp/gimp-2.8.22/install-sh'\'''
intltool__v_merge_options_0=''
intltool__v_merge_options_=''
libdir='${exec_prefix}/lib'
libexecdir='${exec_prefix}/libexec'
localedir='${datarootdir}/locale'
localstatedir='${prefix}/var'
mandir='${datarootdir}/man'
mkdir_p='$(MKDIR_P)'
ms_librarian=''
oldincludedir='/usr/include'
pdfdir='${docdir}'
pkgpyexecdir=''
pkgpythondir=''
prefix='NONE'
program_transform_name='s,x,x,'
psdir='${docdir}'
pyexecdir=''
pythondir=''
runstatedir='${localstatedir}/run'
sbindir='${exec_prefix}/sbin'
sharedstatedir='${prefix}/com'
sysconfdir='${prefix}/etc'
target_alias=''

## ----------- ##
## confdefs.h. ##
## ----------- ##

/* confdefs.h */
#define PACKAGE_NAME "GIMP"
#define PACKAGE_TARNAME "gimp"
#define PACKAGE_VERSION "2.8.22"
#define PACKAGE_STRING "GIMP 2.8.22"
#define PACKAGE_BUGREPORT "http://bugzilla.gnome.org/enter_bug.cgi?product=GIMP"
#define PACKAGE_URL ""
#define GETTEXT_PACKAGE "gimp20"
#define STDC_HEADERS 1
#define HAVE_SYS_TYPES_H 1
#define HAVE_SYS_STAT_H 1
#define HAVE_STDLIB_H 1
#define HAVE_STRING_H 1
#define HAVE_MEMORY_H 1
#define HAVE_STRINGS_H 1
#define HAVE_INTTYPES_H 1
#define HAVE_STDINT_H 1
#define HAVE_UNISTD_H 1
#define HAVE_DLFCN_H 1
#define LT_OBJDIR ".libs/"
#define ARCH_X86 1
#define ARCH_X86_64 1
#define STDC_HEADERS 1
#define HAVE_SYS_WAIT_H 1
#define TIME_WITH_SYS_TIME 1
#define HAVE_EXECINFO_H 1
#define HAVE_SYS_PARAM_H 1
#define HAVE_SYS_TIME_H 1
#define HAVE_SYS_TIMES_H 1
#define HAVE_SYS_WAIT_H 1
#define HAVE_UNISTD_H 1
#define HAVE_BACKTRACE 1
#define HAVE_VPRINTF 1
#define HAVE_ALLOCA_H 1
#define HAVE_ALLOCA 1
#define HAVE_FSYNC 1
#define HAVE_DIFFTIME 1
#define HAVE_MMAP 1
#define HAVE__NL_MEASUREMENT_MEASUREMENT 1

configure: exit 1
